<?xml version="1.0" encoding="UTF-8"?>
<!-- Generated by org.testng.reporters.JUnitXMLReporter -->
<testsuite ignored="0" hostname="W10NB0034" failures="1" tests="1" name="Test" time="15.254" errors="0" timestamp="2020-11-06T01:14:00 EST">
  <testcase classname="Tes1.Validationcheck" name="verifyHomePageTitle" time="0.057">
    <failure type="org.junit.ComparisonFailure" message="expected:&amp;lt;[Protective API Developer P]ortal&amp;gt; but was:&amp;lt;[protective-nonprod-protectiveapideveloperp]ortal&amp;gt;">
      <![CDATA[org.junit.ComparisonFailure: expected:<[Protective API Developer P]ortal> but was:<[protective-nonprod-protectiveapideveloperp]ortal>
at org.junit.Assert.assertEquals(Assert.java:117)
at org.junit.Assert.assertEquals(Assert.java:146)
at Tes1.Validationcheck.verifyHomePageTitle(Validationcheck.java:38)
at java.base/java.util.ArrayList.forEach(ArrayList.java:1511)
... Removed 27 stack frames]]>
    </failure>
  </testcase> <!-- verifyHomePageTitle -->
</testsuite> <!-- Test -->
