<?xml version="1.0" encoding="UTF-8"?>
<!-- Generated by org.testng.reporters.JUnitXMLReporter -->
<testsuite ignored="0" hostname="W10NB0034" failures="1" tests="4" name="Claim" time="66.84" errors="0" timestamp="2020-11-10T14:49:19 EST">
  <testcase classname="PIC.PIC_Main_Test" name="LaunchPICBrowser" time="12.165"/>
  <testcase classname="PIC.PIC_Main_Test" name="MyAccount" time="9.025"/>
  <testcase classname="PIC.PIC_Main_Test" name="TitleTest" time="0.007">
    <failure type="java.lang.AssertionError" message="expected:&amp;lt;View Claim&amp;gt; but was:&amp;lt;Protective Insurance Login&amp;gt;">
      <![CDATA[java.lang.AssertionError: expected:<View Claim> but was:<Protective Insurance Login>
at PIC.PIC_Main_Test.TitleTest(PIC_Main_Test.java:98)
at java.base/java.util.ArrayList.forEach(ArrayList.java:1511)
... Removed 29 stack frames]]>
    </failure>
  </testcase> <!-- TitleTest -->
  <testcase classname="PIC.PIC_Main_Test" name="loginClaim" time="44.776"/>
</testsuite> <!-- Claim -->
